23-04-23 15:48:18.256 : Model path: model_zoo/46500_Gq.pth
23-04-23 15:48:18.257 : Params number: 0
23-04-23 15:48:18.257 : model_name:46500_Gq, image sigma:0
23-04-23 15:48:18.257 : /home/kenny/dataset/Set14/LR
23-04-23 15:48:18.452 : img_001_SRF_4.png - PSNR: 18.58 dB; SSIM: 0.3550.
23-04-23 15:48:18.802 : img_002_SRF_4.png - PSNR: 22.21 dB; SSIM: 0.6181.
23-04-23 15:48:19.090 : img_003_SRF_4.png - PSNR: 20.11 dB; SSIM: 0.4831.
23-04-23 15:48:19.235 : img_004_SRF_4.png - PSNR: 22.51 dB; SSIM: 0.4391.
23-04-23 15:48:19.332 : img_005_SRF_4.png - PSNR: 17.67 dB; SSIM: 0.5215.
23-04-23 15:48:19.427 : img_006_SRF_4.png - PSNR: 24.54 dB; SSIM: 0.6074.
23-04-23 15:48:19.585 : img_007_SRF_4.png - PSNR: 21.79 dB; SSIM: 0.6551.
23-04-23 15:48:19.705 : img_008_SRF_4.png - PSNR: 17.03 dB; SSIM: 0.7920.
23-04-23 15:48:19.934 : img_009_SRF_4.png - PSNR: 25.20 dB; SSIM: 0.7153.
23-04-23 15:48:20.200 : img_010_SRF_4.png - PSNR: 23.34 dB; SSIM: 0.6048.
23-04-23 15:48:20.562 : img_011_SRF_4.png - PSNR: 24.65 dB; SSIM: 0.8377.
23-04-23 15:48:20.847 : img_012_SRF_4.png - PSNR: 23.87 dB; SSIM: 0.6874.
23-04-23 15:48:21.162 : img_013_SRF_4.png - PSNR: 12.90 dB; SSIM: 0.7227.
23-04-23 15:48:21.406 : img_014_SRF_4.png - PSNR: 21.17 dB; SSIM: 0.6117.
23-04-23 15:48:21.444 : Average PSNR/SSIM(RGB) - Set14_46500_Gq - x4 --PSNR: 21.11 dB; SSIM: 0.6179
23-04-23 15:48:21.444 : Average PSNR/SSIM( Y ) - Set14_46500_Gq - x4 - PSNR: 22.61 dB; SSIM: 0.6789
23-04-23 15:51:55.763 : Model path: model_zoo/46500_Gq.pth
23-04-23 15:51:55.763 : Params number: 0
23-04-23 15:51:55.763 : model_name:46500_Gq, image sigma:0
23-04-23 15:51:55.764 : /home/kenny/dataset/Set14/LR
23-04-23 15:51:55.956 : img_001_SRF_4.png - PSNR: 18.58 dB; SSIM: 0.3550.
23-04-23 15:53:11.864 : Model path: model_zoo/46500_Gq.pth
23-04-23 15:53:11.865 : Params number: 0
23-04-23 15:53:11.865 : model_name:46500_Gq, image sigma:0
23-04-23 15:53:11.865 : /home/kenny/dataset/Set14/LR
23-04-23 15:53:12.060 : img_001_SRF_4.png - PSNR: 18.58 dB; SSIM: 0.3550.
23-04-23 15:53:12.435 : img_002_SRF_4.png - PSNR: 22.21 dB; SSIM: 0.6181.
23-04-23 15:53:12.743 : img_003_SRF_4.png - PSNR: 20.11 dB; SSIM: 0.4831.
23-04-23 15:53:12.897 : img_004_SRF_4.png - PSNR: 22.51 dB; SSIM: 0.4391.
23-04-23 15:53:13.002 : img_005_SRF_4.png - PSNR: 17.67 dB; SSIM: 0.5215.
23-04-23 15:53:13.099 : img_006_SRF_4.png - PSNR: 24.54 dB; SSIM: 0.6074.
23-04-23 15:53:13.266 : img_007_SRF_4.png - PSNR: 21.79 dB; SSIM: 0.6551.
23-04-23 15:53:13.398 : img_008_SRF_4.png - PSNR: 17.03 dB; SSIM: 0.7920.
23-04-23 15:53:13.652 : img_009_SRF_4.png - PSNR: 25.20 dB; SSIM: 0.7153.
23-04-23 15:53:13.930 : img_010_SRF_4.png - PSNR: 23.34 dB; SSIM: 0.6048.
23-04-23 15:53:14.296 : img_011_SRF_4.png - PSNR: 24.65 dB; SSIM: 0.8377.
23-04-23 15:53:14.589 : img_012_SRF_4.png - PSNR: 23.87 dB; SSIM: 0.6874.
23-04-23 15:53:14.912 : img_013_SRF_4.png - PSNR: 12.90 dB; SSIM: 0.7227.
23-04-23 15:53:15.158 : img_014_SRF_4.png - PSNR: 21.17 dB; SSIM: 0.6117.
23-04-23 15:53:15.198 : Average PSNR/SSIM(RGB) - Set14_46500_Gq - x4 --PSNR: 21.11 dB; SSIM: 0.6179
23-04-23 15:53:15.198 : Average PSNR/SSIM( Y ) - Set14_46500_Gq - x4 - PSNR: 22.61 dB; SSIM: 0.6789
23-04-23 16:12:05.179 : Model path: model_zoo/46500_Gq.pth
23-04-23 16:12:05.180 : Params number: 0
23-04-23 16:12:05.180 : model_name:46500_Gq, image sigma:0
23-04-23 16:12:05.180 : /home/kenny/dataset/Set14/LR
23-04-23 16:12:05.382 : img_001_SRF_4.png - PSNR: 18.58 dB; SSIM: 0.3550.
23-04-23 16:12:05.744 : img_002_SRF_4.png - PSNR: 22.21 dB; SSIM: 0.6181.
23-04-23 16:12:06.067 : img_003_SRF_4.png - PSNR: 20.11 dB; SSIM: 0.4831.
23-04-23 16:12:06.217 : img_004_SRF_4.png - PSNR: 22.51 dB; SSIM: 0.4391.
23-04-23 16:12:06.318 : img_005_SRF_4.png - PSNR: 17.67 dB; SSIM: 0.5215.
23-04-23 16:12:06.427 : img_006_SRF_4.png - PSNR: 24.54 dB; SSIM: 0.6074.
23-04-23 16:12:06.591 : img_007_SRF_4.png - PSNR: 21.79 dB; SSIM: 0.6551.
23-04-23 16:12:06.713 : img_008_SRF_4.png - PSNR: 17.03 dB; SSIM: 0.7920.
23-04-23 16:12:06.961 : img_009_SRF_4.png - PSNR: 25.20 dB; SSIM: 0.7153.
23-04-23 16:12:07.234 : img_010_SRF_4.png - PSNR: 23.34 dB; SSIM: 0.6048.
23-04-23 16:12:07.612 : img_011_SRF_4.png - PSNR: 24.65 dB; SSIM: 0.8377.
23-04-23 16:12:07.919 : img_012_SRF_4.png - PSNR: 23.87 dB; SSIM: 0.6874.
23-04-23 16:12:08.282 : img_013_SRF_4.png - PSNR: 12.90 dB; SSIM: 0.7227.
23-04-23 16:12:08.545 : img_014_SRF_4.png - PSNR: 21.17 dB; SSIM: 0.6117.
23-04-23 16:12:08.586 : Average PSNR/SSIM(RGB) - Set14_46500_Gq - x4 --PSNR: 21.11 dB; SSIM: 0.6179
23-04-23 16:12:08.586 : Average PSNR/SSIM( Y ) - Set14_46500_Gq - x4 - PSNR: 22.61 dB; SSIM: 0.6789
23-04-23 16:20:53.931 : Model path: model_zoo/46500_Gq.pth
23-04-23 16:20:53.932 : Params number: 0
23-04-23 16:20:53.932 : model_name:46500_Gq, image sigma:0
23-04-23 16:20:53.932 : /home/kenny/dataset/Set14/LR
23-04-23 16:20:54.139 : img_001_SRF_4.png - PSNR: 18.58 dB; SSIM: 0.3550.
23-04-23 16:20:54.523 : img_002_SRF_4.png - PSNR: 22.21 dB; SSIM: 0.6181.
23-04-23 16:20:54.831 : img_003_SRF_4.png - PSNR: 20.11 dB; SSIM: 0.4831.
23-04-23 16:20:54.983 : img_004_SRF_4.png - PSNR: 22.51 dB; SSIM: 0.4391.
23-04-23 16:20:55.083 : img_005_SRF_4.png - PSNR: 17.67 dB; SSIM: 0.5215.
23-04-23 16:20:55.182 : img_006_SRF_4.png - PSNR: 24.54 dB; SSIM: 0.6074.
23-04-23 16:20:55.348 : img_007_SRF_4.png - PSNR: 21.79 dB; SSIM: 0.6551.
23-04-23 16:20:55.477 : img_008_SRF_4.png - PSNR: 17.03 dB; SSIM: 0.7920.
23-04-23 16:20:55.725 : img_009_SRF_4.png - PSNR: 25.20 dB; SSIM: 0.7153.
23-04-23 16:20:56.012 : img_010_SRF_4.png - PSNR: 23.34 dB; SSIM: 0.6048.
23-04-23 16:20:56.382 : img_011_SRF_4.png - PSNR: 24.65 dB; SSIM: 0.8377.
23-04-23 16:20:56.674 : img_012_SRF_4.png - PSNR: 23.87 dB; SSIM: 0.6874.
23-04-23 16:20:56.992 : img_013_SRF_4.png - PSNR: 12.90 dB; SSIM: 0.7227.
23-04-23 16:20:57.235 : img_014_SRF_4.png - PSNR: 21.17 dB; SSIM: 0.6117.
23-04-23 16:20:57.276 : Average PSNR/SSIM(RGB) - Set14_46500_Gq - x4 --PSNR: 21.11 dB; SSIM: 0.6179
23-04-23 16:20:57.277 : Average PSNR/SSIM( Y ) - Set14_46500_Gq - x4 - PSNR: 22.61 dB; SSIM: 0.6789
