23-04-23 16:26:33.367 : Model path: model_zoo/47500_Gq.pth
23-04-23 16:26:33.367 : Params number: 0
23-04-23 16:26:33.367 : model_name:47500_Gq, image sigma:0
23-04-23 16:26:33.367 : /home/kenny/dataset/Set14/LR
23-04-23 16:26:33.561 : img_001_SRF_4.png - PSNR: 19.01 dB; SSIM: 0.3716.
23-04-23 16:26:33.920 : img_002_SRF_4.png - PSNR: 22.05 dB; SSIM: 0.6156.
23-04-23 16:26:34.212 : img_003_SRF_4.png - PSNR: 20.18 dB; SSIM: 0.4944.
23-04-23 16:26:34.359 : img_004_SRF_4.png - PSNR: 22.47 dB; SSIM: 0.4503.
23-04-23 16:26:34.451 : img_005_SRF_4.png - PSNR: 17.54 dB; SSIM: 0.5186.
23-04-23 16:26:34.543 : img_006_SRF_4.png - PSNR: 24.31 dB; SSIM: 0.6132.
23-04-23 16:26:34.701 : img_007_SRF_4.png - PSNR: 21.72 dB; SSIM: 0.6625.
23-04-23 16:26:34.828 : img_008_SRF_4.png - PSNR: 16.53 dB; SSIM: 0.7877.
23-04-23 16:26:35.079 : img_009_SRF_4.png - PSNR: 24.59 dB; SSIM: 0.7149.
23-04-23 16:26:35.346 : img_010_SRF_4.png - PSNR: 23.36 dB; SSIM: 0.6053.
23-04-23 16:26:35.724 : img_011_SRF_4.png - PSNR: 24.42 dB; SSIM: 0.8457.
23-04-23 16:26:36.009 : img_012_SRF_4.png - PSNR: 23.41 dB; SSIM: 0.6867.
23-04-23 16:26:36.329 : img_013_SRF_4.png - PSNR: 12.52 dB; SSIM: 0.7202.
23-04-23 16:26:36.573 : img_014_SRF_4.png - PSNR: 20.86 dB; SSIM: 0.6218.
23-04-23 16:26:36.614 : Average PSNR/SSIM(RGB) - Set14_47500_Gq - x4 --PSNR: 20.93 dB; SSIM: 0.6220
23-04-23 16:26:36.614 : Average PSNR/SSIM( Y ) - Set14_47500_Gq - x4 - PSNR: 22.43 dB; SSIM: 0.6821
23-04-23 16:31:33.327 : Model path: model_zoo/47500_Gq.pth
23-04-23 16:31:33.328 : Params number: 0
23-04-23 16:31:33.328 : model_name:47500_Gq, image sigma:0
23-04-23 16:31:33.328 : /home/kenny/dataset/Set14/LR
23-04-23 16:31:33.519 : img_001_SRF_4.png - PSNR: 19.01 dB; SSIM: 0.3716.
23-04-23 16:31:33.888 : img_002_SRF_4.png - PSNR: 22.05 dB; SSIM: 0.6156.
23-04-23 16:31:34.182 : img_003_SRF_4.png - PSNR: 20.18 dB; SSIM: 0.4944.
23-04-23 16:31:34.324 : img_004_SRF_4.png - PSNR: 22.47 dB; SSIM: 0.4503.
23-04-23 16:31:34.423 : img_005_SRF_4.png - PSNR: 17.54 dB; SSIM: 0.5186.
23-04-23 16:31:34.518 : img_006_SRF_4.png - PSNR: 24.31 dB; SSIM: 0.6132.
23-04-23 16:31:34.680 : img_007_SRF_4.png - PSNR: 21.72 dB; SSIM: 0.6625.
23-04-23 16:31:34.806 : img_008_SRF_4.png - PSNR: 16.53 dB; SSIM: 0.7877.
23-04-23 16:31:35.058 : img_009_SRF_4.png - PSNR: 24.59 dB; SSIM: 0.7149.
23-04-23 16:31:35.332 : img_010_SRF_4.png - PSNR: 23.36 dB; SSIM: 0.6053.
23-04-23 16:31:35.718 : img_011_SRF_4.png - PSNR: 24.42 dB; SSIM: 0.8457.
23-04-23 16:31:36.025 : img_012_SRF_4.png - PSNR: 23.41 dB; SSIM: 0.6867.
23-04-23 16:31:36.371 : img_013_SRF_4.png - PSNR: 12.52 dB; SSIM: 0.7202.
23-04-23 16:31:36.625 : img_014_SRF_4.png - PSNR: 20.86 dB; SSIM: 0.6218.
23-04-23 16:31:36.670 : Average PSNR/SSIM(RGB) - Set14_47500_Gq - x4 --PSNR: 20.93 dB; SSIM: 0.6220
23-04-23 16:31:36.670 : Average PSNR/SSIM( Y ) - Set14_47500_Gq - x4 - PSNR: 22.43 dB; SSIM: 0.6821
23-04-23 16:31:43.388 : Model path: model_zoo/47500_Gq.pth
23-04-23 16:31:43.388 : Params number: 0
23-04-23 16:31:43.389 : model_name:47500_Gq, image sigma:0
23-04-23 16:31:43.389 : /home/kenny/dataset/Set14/LR
23-04-23 16:31:43.598 : img_001_SRF_4.png - PSNR: 19.01 dB; SSIM: 0.3716.
23-04-23 16:31:43.968 : img_002_SRF_4.png - PSNR: 22.05 dB; SSIM: 0.6156.
23-04-23 16:31:44.266 : img_003_SRF_4.png - PSNR: 20.18 dB; SSIM: 0.4944.
23-04-23 16:31:44.412 : img_004_SRF_4.png - PSNR: 22.47 dB; SSIM: 0.4503.
23-04-23 16:31:44.514 : img_005_SRF_4.png - PSNR: 17.54 dB; SSIM: 0.5186.
23-04-23 16:31:44.613 : img_006_SRF_4.png - PSNR: 24.31 dB; SSIM: 0.6132.
23-04-23 16:31:44.777 : img_007_SRF_4.png - PSNR: 21.72 dB; SSIM: 0.6625.
23-04-23 16:31:44.903 : img_008_SRF_4.png - PSNR: 16.53 dB; SSIM: 0.7877.
23-04-23 16:31:45.151 : img_009_SRF_4.png - PSNR: 24.59 dB; SSIM: 0.7149.
23-04-23 16:31:45.429 : img_010_SRF_4.png - PSNR: 23.36 dB; SSIM: 0.6053.
23-04-23 16:31:45.805 : img_011_SRF_4.png - PSNR: 24.42 dB; SSIM: 0.8457.
23-04-23 16:31:46.101 : img_012_SRF_4.png - PSNR: 23.41 dB; SSIM: 0.6867.
23-04-23 16:31:46.426 : img_013_SRF_4.png - PSNR: 12.52 dB; SSIM: 0.7202.
23-04-23 16:31:46.674 : img_014_SRF_4.png - PSNR: 20.86 dB; SSIM: 0.6218.
23-04-23 16:31:46.714 : Average PSNR/SSIM(RGB) - Set14_47500_Gq - x4 --PSNR: 20.93 dB; SSIM: 0.6220
23-04-23 16:31:46.714 : Average PSNR/SSIM( Y ) - Set14_47500_Gq - x4 - PSNR: 22.43 dB; SSIM: 0.6821
23-04-23 18:24:37.912 : Model path: model_zoo/47500_Gq.pth
23-04-23 18:24:37.912 : Params number: 0
23-04-23 18:24:37.912 : model_name:47500_Gq, image sigma:0
23-04-23 18:24:37.912 : /home/kenny/dataset/Set14/LR
23-04-23 18:24:38.122 : img_001_SRF_4.png - PSNR: 19.01 dB; SSIM: 0.3716.
23-04-23 18:24:38.489 : img_002_SRF_4.png - PSNR: 22.05 dB; SSIM: 0.6156.
23-04-23 18:24:38.791 : img_003_SRF_4.png - PSNR: 20.18 dB; SSIM: 0.4944.
23-04-23 18:24:38.933 : img_004_SRF_4.png - PSNR: 22.47 dB; SSIM: 0.4503.
23-04-23 18:24:39.031 : img_005_SRF_4.png - PSNR: 17.54 dB; SSIM: 0.5186.
23-04-23 18:24:39.123 : img_006_SRF_4.png - PSNR: 24.31 dB; SSIM: 0.6132.
23-04-23 18:24:39.284 : img_007_SRF_4.png - PSNR: 21.72 dB; SSIM: 0.6625.
23-04-23 18:24:39.400 : img_008_SRF_4.png - PSNR: 16.53 dB; SSIM: 0.7877.
23-04-23 18:24:39.633 : img_009_SRF_4.png - PSNR: 24.59 dB; SSIM: 0.7149.
23-04-23 18:24:39.904 : img_010_SRF_4.png - PSNR: 23.36 dB; SSIM: 0.6053.
23-04-23 18:24:40.280 : img_011_SRF_4.png - PSNR: 24.42 dB; SSIM: 0.8457.
23-04-23 18:24:40.578 : img_012_SRF_4.png - PSNR: 23.41 dB; SSIM: 0.6867.
23-04-23 18:24:40.905 : img_013_SRF_4.png - PSNR: 12.52 dB; SSIM: 0.7202.
23-04-23 18:24:41.142 : img_014_SRF_4.png - PSNR: 20.86 dB; SSIM: 0.6218.
23-04-23 18:24:41.183 : Average PSNR/SSIM(RGB) - Set14_47500_Gq - x4 --PSNR: 20.93 dB; SSIM: 0.6220
23-04-23 18:24:41.183 : Average PSNR/SSIM( Y ) - Set14_47500_Gq - x4 - PSNR: 22.43 dB; SSIM: 0.6821
23-04-23 18:27:58.094 : Model path: model_zoo/47500_Gq.pth
23-04-23 18:27:58.095 : Params number: 0
23-04-23 18:27:58.095 : model_name:47500_Gq, image sigma:0
23-04-23 18:27:58.095 : /home/kenny/dataset/Set14/LR
23-04-23 18:27:58.283 : img_001_SRF_4.png - PSNR: 19.01 dB; SSIM: 0.3716.
23-04-23 18:27:58.639 : img_002_SRF_4.png - PSNR: 22.05 dB; SSIM: 0.6156.
23-04-23 18:27:58.924 : img_003_SRF_4.png - PSNR: 20.18 dB; SSIM: 0.4944.
23-04-23 18:27:59.066 : img_004_SRF_4.png - PSNR: 22.47 dB; SSIM: 0.4503.
23-04-23 18:27:59.161 : img_005_SRF_4.png - PSNR: 17.54 dB; SSIM: 0.5186.
23-04-23 18:27:59.249 : img_006_SRF_4.png - PSNR: 24.31 dB; SSIM: 0.6132.
23-04-23 18:27:59.409 : img_007_SRF_4.png - PSNR: 21.72 dB; SSIM: 0.6625.
23-04-23 18:27:59.536 : img_008_SRF_4.png - PSNR: 16.53 dB; SSIM: 0.7877.
23-04-23 18:27:59.813 : img_009_SRF_4.png - PSNR: 24.59 dB; SSIM: 0.7149.
23-04-23 18:28:00.085 : img_010_SRF_4.png - PSNR: 23.36 dB; SSIM: 0.6053.
23-04-23 18:28:00.457 : img_011_SRF_4.png - PSNR: 24.42 dB; SSIM: 0.8457.
23-04-23 18:28:00.752 : img_012_SRF_4.png - PSNR: 23.41 dB; SSIM: 0.6867.
23-04-23 18:28:01.082 : img_013_SRF_4.png - PSNR: 12.52 dB; SSIM: 0.7202.
23-04-23 18:28:01.333 : img_014_SRF_4.png - PSNR: 20.86 dB; SSIM: 0.6218.
23-04-23 18:28:01.375 : Average PSNR/SSIM(RGB) - Set14_47500_Gq - x4 --PSNR: 20.93 dB; SSIM: 0.6220
23-04-23 18:28:01.375 : Average PSNR/SSIM( Y ) - Set14_47500_Gq - x4 - PSNR: 22.43 dB; SSIM: 0.6821
23-04-23 18:29:01.080 : Model path: model_zoo/47500_Gq.pth
23-04-23 18:29:01.080 : Params number: 0
23-04-23 18:29:01.080 : model_name:47500_Gq, image sigma:0
23-04-23 18:29:01.080 : /home/kenny/dataset/Set14/LR
