23-04-23 18:34:05.852 : Model path: model_zoo/51000_Gq.pth
23-04-23 18:34:05.853 : Params number: 0
23-04-23 18:34:05.853 : model_name:51000_Gq, image sigma:0
23-04-23 18:34:05.853 : /home/kenny/dataset/Set14/LR
23-04-23 18:34:06.053 : img_001_SRF_4.png - PSNR: 18.66 dB; SSIM: 0.3698.
23-04-23 18:34:06.422 : img_002_SRF_4.png - PSNR: 21.49 dB; SSIM: 0.6200.
23-04-23 18:34:06.718 : img_003_SRF_4.png - PSNR: 19.67 dB; SSIM: 0.4972.
23-04-23 18:34:06.861 : img_004_SRF_4.png - PSNR: 21.83 dB; SSIM: 0.4601.
23-04-23 18:34:06.967 : img_005_SRF_4.png - PSNR: 17.04 dB; SSIM: 0.5196.
23-04-23 18:34:07.071 : img_006_SRF_4.png - PSNR: 23.63 dB; SSIM: 0.6225.
23-04-23 18:34:07.241 : img_007_SRF_4.png - PSNR: 21.08 dB; SSIM: 0.6628.
23-04-23 18:34:07.404 : img_008_SRF_4.png - PSNR: 15.82 dB; SSIM: 0.7919.
23-04-23 18:34:07.658 : img_009_SRF_4.png - PSNR: 23.64 dB; SSIM: 0.7113.
23-04-23 18:34:07.949 : img_010_SRF_4.png - PSNR: 22.73 dB; SSIM: 0.6195.
23-04-23 18:34:08.322 : img_011_SRF_4.png - PSNR: 23.69 dB; SSIM: 0.8420.
23-04-23 18:34:08.622 : img_012_SRF_4.png - PSNR: 21.78 dB; SSIM: 0.6906.
23-04-23 18:34:08.934 : img_013_SRF_4.png - PSNR: 12.21 dB; SSIM: 0.7270.
23-04-23 18:34:09.175 : img_014_SRF_4.png - PSNR: 19.85 dB; SSIM: 0.6153.
23-04-23 18:34:09.215 : Average PSNR/SSIM(RGB) - Set14_51000_Gq - x4 --PSNR: 20.22 dB; SSIM: 0.6250
23-04-23 18:34:09.215 : Average PSNR/SSIM( Y ) - Set14_51000_Gq - x4 - PSNR: 21.60 dB; SSIM: 0.6842
23-04-23 18:35:07.942 : Model path: model_zoo/51000_Gq.pth
23-04-23 18:35:07.942 : Params number: 0
23-04-23 18:35:07.942 : model_name:51000_Gq, image sigma:0
23-04-23 18:35:07.943 : /home/kenny/dataset/Set14/LR
23-04-23 18:35:08.183 : img_001_SRF_4.png - PSNR: 18.66 dB; SSIM: 0.3698.
23-04-23 18:35:08.554 : img_002_SRF_4.png - PSNR: 21.49 dB; SSIM: 0.6200.
23-04-23 18:35:08.845 : img_003_SRF_4.png - PSNR: 19.67 dB; SSIM: 0.4972.
23-04-23 18:35:08.987 : img_004_SRF_4.png - PSNR: 21.83 dB; SSIM: 0.4601.
23-04-23 18:35:09.084 : img_005_SRF_4.png - PSNR: 17.04 dB; SSIM: 0.5196.
23-04-23 18:35:09.177 : img_006_SRF_4.png - PSNR: 23.63 dB; SSIM: 0.6225.
23-04-23 18:35:09.338 : img_007_SRF_4.png - PSNR: 21.08 dB; SSIM: 0.6628.
23-04-23 18:35:09.452 : img_008_SRF_4.png - PSNR: 15.82 dB; SSIM: 0.7919.
23-04-23 18:35:09.685 : img_009_SRF_4.png - PSNR: 23.64 dB; SSIM: 0.7113.
23-04-23 18:35:09.965 : img_010_SRF_4.png - PSNR: 22.73 dB; SSIM: 0.6195.
23-04-23 18:35:10.333 : img_011_SRF_4.png - PSNR: 23.69 dB; SSIM: 0.8420.
23-04-23 18:35:10.626 : img_012_SRF_4.png - PSNR: 21.78 dB; SSIM: 0.6906.
23-04-23 18:35:10.958 : img_013_SRF_4.png - PSNR: 12.21 dB; SSIM: 0.7270.
23-04-23 18:35:11.216 : img_014_SRF_4.png - PSNR: 19.85 dB; SSIM: 0.6153.
23-04-23 18:35:11.257 : Average PSNR/SSIM(RGB) - Set14_51000_Gq - x4 --PSNR: 20.22 dB; SSIM: 0.6250
23-04-23 18:35:11.257 : Average PSNR/SSIM( Y ) - Set14_51000_Gq - x4 - PSNR: 21.60 dB; SSIM: 0.6842
23-04-23 18:35:20.211 : Model path: model_zoo/51000_Gq.pth
23-04-23 18:35:20.211 : Params number: 0
23-04-23 18:35:20.212 : model_name:51000_Gq, image sigma:0
23-04-23 18:35:20.212 : /home/kenny/dataset/Set14/LR
23-04-23 18:35:20.395 : img_001_SRF_4.png - PSNR: 18.66 dB; SSIM: 0.3698.
23-04-23 18:35:20.754 : img_002_SRF_4.png - PSNR: 21.49 dB; SSIM: 0.6200.
23-04-23 18:35:21.044 : img_003_SRF_4.png - PSNR: 19.67 dB; SSIM: 0.4972.
23-04-23 18:35:21.179 : img_004_SRF_4.png - PSNR: 21.83 dB; SSIM: 0.4601.
23-04-23 18:35:21.267 : img_005_SRF_4.png - PSNR: 17.04 dB; SSIM: 0.5196.
23-04-23 18:35:21.360 : img_006_SRF_4.png - PSNR: 23.63 dB; SSIM: 0.6225.
23-04-23 18:35:21.514 : img_007_SRF_4.png - PSNR: 21.08 dB; SSIM: 0.6628.
23-04-23 18:35:21.636 : img_008_SRF_4.png - PSNR: 15.82 dB; SSIM: 0.7919.
23-04-23 18:35:21.870 : img_009_SRF_4.png - PSNR: 23.64 dB; SSIM: 0.7113.
23-04-23 18:35:22.140 : img_010_SRF_4.png - PSNR: 22.73 dB; SSIM: 0.6195.
23-04-23 18:35:22.513 : img_011_SRF_4.png - PSNR: 23.69 dB; SSIM: 0.8420.
23-04-23 18:35:22.799 : img_012_SRF_4.png - PSNR: 21.78 dB; SSIM: 0.6906.
23-04-23 18:35:23.125 : img_013_SRF_4.png - PSNR: 12.21 dB; SSIM: 0.7270.
23-04-23 18:35:23.370 : img_014_SRF_4.png - PSNR: 19.85 dB; SSIM: 0.6153.
23-04-23 18:35:23.411 : Average PSNR/SSIM(RGB) - Set14_51000_Gq - x4 --PSNR: 20.22 dB; SSIM: 0.6250
23-04-23 18:35:23.411 : Average PSNR/SSIM( Y ) - Set14_51000_Gq - x4 - PSNR: 21.60 dB; SSIM: 0.6842
23-04-23 18:41:07.132 : Model path: model_zoo/51000_Gq.pth
23-04-23 18:41:07.132 : Params number: 0
23-04-23 18:41:07.132 : model_name:51000_Gq, image sigma:0
23-04-23 18:41:07.132 : /home/kenny/dataset/Set14/LR
23-04-23 18:41:07.333 : img_001_SRF_4.png - PSNR: 18.66 dB; SSIM: 0.3698.
23-04-23 18:41:07.684 : img_002_SRF_4.png - PSNR: 21.49 dB; SSIM: 0.6200.
23-04-23 18:41:07.973 : img_003_SRF_4.png - PSNR: 19.67 dB; SSIM: 0.4972.
23-04-23 18:41:08.104 : img_004_SRF_4.png - PSNR: 21.83 dB; SSIM: 0.4601.
23-04-23 18:41:08.198 : img_005_SRF_4.png - PSNR: 17.04 dB; SSIM: 0.5196.
23-04-23 18:41:08.287 : img_006_SRF_4.png - PSNR: 23.63 dB; SSIM: 0.6225.
23-04-23 18:41:08.442 : img_007_SRF_4.png - PSNR: 21.08 dB; SSIM: 0.6628.
23-04-23 18:41:08.563 : img_008_SRF_4.png - PSNR: 15.82 dB; SSIM: 0.7919.
23-04-23 18:41:08.808 : img_009_SRF_4.png - PSNR: 23.64 dB; SSIM: 0.7113.
23-04-23 18:41:09.093 : img_010_SRF_4.png - PSNR: 22.73 dB; SSIM: 0.6195.
23-04-23 18:41:09.489 : img_011_SRF_4.png - PSNR: 23.69 dB; SSIM: 0.8420.
23-04-23 18:41:09.802 : img_012_SRF_4.png - PSNR: 21.78 dB; SSIM: 0.6906.
23-04-23 18:41:10.153 : img_013_SRF_4.png - PSNR: 12.21 dB; SSIM: 0.7270.
23-04-23 18:41:10.404 : img_014_SRF_4.png - PSNR: 19.85 dB; SSIM: 0.6153.
23-04-23 18:41:10.445 : Average PSNR/SSIM(RGB) - Set14_51000_Gq - x4 --PSNR: 20.22 dB; SSIM: 0.6250
23-04-23 18:41:10.445 : Average PSNR/SSIM( Y ) - Set14_51000_Gq - x4 - PSNR: 21.60 dB; SSIM: 0.6842
